<?xml version="1.0" encoding="UTF-8"?>
<!-- Generated by org.testng.reporters.JUnitReportReporter -->
<testsuite hostname="Gerdas-Air.sleighroad.home" name="TestGame" tests="2" failures="0" timestamp="1 Dec 2016 02:13:00 GMT" time="0.042" errors="0">
  <testcase name="testPlayerNumber" time="0.015" classname="TestGame"/>
  <testcase name="testGetScore" time="0.027" classname="TestGame"/>
</testsuite> <!-- TestGame -->
