<?xml version="1.0" encoding="UTF-8"?>
<!-- Generated by org.testng.reporters.JUnitReportReporter -->
<testsuite hostname="Gerdas-Air.sleighroad.home" name="ComputerPlayerTest" tests="5" failures="0" timestamp="2 Dec 2016 01:31:18 GMT" time="2.599" errors="0">
  <testcase name="testComputerPlayerPositiveDepth" time="2.540" classname="ComputerPlayerTest"/>
  <testcase name="testComputerPlayerName" time="0.017" classname="ComputerPlayerTest"/>
  <testcase name="testComputerPlayerPerformPlay" time="0.010" classname="ComputerPlayerTest"/>
  <testcase name="testComputerPlayerZeroDepth" time="0.008" classname="ComputerPlayerTest"/>
  <testcase name="testComputerPlayerNegativeDepth" time="0.024" classname="ComputerPlayerTest"/>
</testsuite> <!-- ComputerPlayerTest -->
