<?xml version="1.0" encoding="UTF-8"?>
<!-- Generated by org.testng.reporters.JUnitReportReporter -->
<testsuite hostname="Gerdas-Air.sleighroad.home" name="ComputerPlayerTest" tests="3" failures="1" timestamp="1 Dec 2016 00:59:02 GMT" time="10.311" errors="0">
  <testcase name="testComputerPlayerName" time="0.019" classname="ComputerPlayerTest"/>
  <testcase name="testComputerPlayerNegativeDepth" time="0.030" classname="ComputerPlayerTest"/>
  <testcase name="testComputerPlayerPerformPlay" time="10.262" classname="ComputerPlayerTest">
    <failure type="java.lang.Error" message="Can&#039;t call getOpponent on first turn.">
      <![CDATA[java.lang.Error: Can't call getOpponent on first turn.
	at connect.four.player.ComputerPlayer.getOpponent(ComputerPlayer.java:88)
	at connect.four.player.ComputerPlayer.performPlay(ComputerPlayer.java:30)
	at ComputerPlayerTest.testComputerPlayerPerformPlay(ComputerPlayerTest.java:95)
	at sun.reflect.NativeMethodAccessorImpl.invoke0(Native Method)
	at sun.reflect.NativeMethodAccessorImpl.invoke(NativeMethodAccessorImpl.java:62)
	at sun.reflect.DelegatingMethodAccessorImpl.invoke(DelegatingMethodAccessorImpl.java:43)
	at java.lang.reflect.Method.invoke(Method.java:497)
	at org.testng.internal.MethodInvocationHelper.invokeMethod(MethodInvocationHelper.java:84)
	at org.testng.internal.Invoker.invokeMethod(Invoker.java:714)
	at org.testng.internal.Invoker.invokeTestMethod(Invoker.java:901)
	at org.testng.internal.Invoker.invokeTestMethods(Invoker.java:1231)
	at org.testng.internal.TestMethodWorker.invokeTestMethods(TestMethodWorker.java:127)
	at org.testng.internal.TestMethodWorker.run(TestMethodWorker.java:111)
	at org.testng.TestRunner.privateRun(TestRunner.java:767)
	at org.testng.TestRunner.run(TestRunner.java:617)
	at org.testng.SuiteRunner.runTest(SuiteRunner.java:334)
	at org.testng.SuiteRunner.runSequentially(SuiteRunner.java:329)
	at org.testng.SuiteRunner.privateRun(SuiteRunner.java:291)
	at org.testng.SuiteRunner.run(SuiteRunner.java:240)
	at org.testng.SuiteRunnerWorker.runSuite(SuiteRunnerWorker.java:52)
	at org.testng.SuiteRunnerWorker.run(SuiteRunnerWorker.java:86)
	at org.testng.TestNG.runSuitesSequentially(TestNG.java:1224)
	at org.testng.TestNG.runSuitesLocally(TestNG.java:1149)
	at org.testng.TestNG.run(TestNG.java:1057)
	at org.testng.TestNG.privateMain(TestNG.java:1364)
	at org.testng.TestNG.main(TestNG.java:1333)
]]>
    </failure>
  </testcase> <!-- testComputerPlayerPerformPlay -->
</testsuite> <!-- ComputerPlayerTest -->
