<?xml version="1.0" encoding="UTF-8"?>
<!-- Generated by org.testng.reporters.JUnitReportReporter -->
<testsuite hostname="Gerdas-Air.sleighroad.home" name="computerPlayerTest" tests="2" failures="0" timestamp="29 Nov 2016 18:55:50 GMT" time="0.041" errors="0">
  <testcase name="testComputerPlayerName" time="0.018" classname="computerPlayerTest"/>
  <testcase name="testComputerPlayerNegativeDepth" time="0.023" classname="computerPlayerTest"/>
</testsuite> <!-- computerPlayerTest -->
